Using pre-set license
Built from '2021.2/staging' branch; Version is '2021.2.17f1 (efb8f635e7b1) revision 15710454'; Using compiler version '192829333'; Build Type 'Release'
OS: 'Windows 10  (10.0.19044) 64bit Core' Language: 'pl' Physical Memory: 16322 MB
BatchMode: 1, IsHumanControllingUs: 0, StartBugReporterOnCrash: 0, Is64bit: 1, IsPro: 1

COMMAND LINE ARGUMENTS:
C:\Program Files\Unity\Hub\Editor\2021.2.17f1\Editor\Unity.exe
-adb2
-batchMode
-noUpm
-name
AssetImportWorker1
-projectPath
D:/Users/karci/Shooter
-logFile
Logs/AssetImportWorker1.log
-srvPort
53027
Successfully changed project path to: D:/Users/karci/Shooter
D:/Users/karci/Shooter
[UnityMemory] Configuration Parameters - Can be set up in boot.config
    "memorysetup-bucket-allocator-granularity=16"
    "memorysetup-bucket-allocator-bucket-count=8"
    "memorysetup-bucket-allocator-block-size=33554432"
    "memorysetup-bucket-allocator-block-count=8"
    "memorysetup-main-allocator-block-size=16777216"
    "memorysetup-thread-allocator-block-size=16777216"
    "memorysetup-gfx-main-allocator-block-size=16777216"
    "memorysetup-gfx-thread-allocator-block-size=16777216"
    "memorysetup-cache-allocator-block-size=4194304"
    "memorysetup-typetree-allocator-block-size=2097152"
    "memorysetup-profiler-bucket-allocator-granularity=16"
    "memorysetup-profiler-bucket-allocator-bucket-count=8"
    "memorysetup-profiler-bucket-allocator-block-size=33554432"
    "memorysetup-profiler-bucket-allocator-block-count=8"
    "memorysetup-profiler-allocator-block-size=16777216"
    "memorysetup-profiler-editor-allocator-block-size=1048576"
    "memorysetup-temp-allocator-size-main=16777216"
    "memorysetup-job-temp-allocator-block-size=2097152"
    "memorysetup-job-temp-allocator-block-size-background=1048576"
    "memorysetup-job-temp-allocator-reduction-small-platforms=262144"
    "memorysetup-temp-allocator-size-background-worker=32768"
    "memorysetup-temp-allocator-size-job-worker=262144"
    "memorysetup-temp-allocator-size-preload-manager=33554432"
    "memorysetup-temp-allocator-size-nav-mesh-worker=65536"
    "memorysetup-temp-allocator-size-audio-worker=65536"
    "memorysetup-temp-allocator-size-cloud-worker=32768"
    "memorysetup-temp-allocator-size-gi-baking-worker=262144"
    "memorysetup-temp-allocator-size-gfx=262144"
Refreshing native plugins compatible for Editor in 101.50 ms, found 3 plugins.
Preloading 0 native plugins for Editor in 0.00 ms.
Initialize engine version: 2021.2.17f1 (efb8f635e7b1)
[Subsystems] Discovering subsystems at path C:/Program Files/Unity/Hub/Editor/2021.2.17f1/Editor/Data/Resources/UnitySubsystems
[Subsystems] Discovering subsystems at path D:/Users/karci/Shooter/Assets
GfxDevice: creating device client; threaded=0; jobified=0
Direct3D:
    Version:  Direct3D 11.0 [level 11.1]
    Renderer: NVIDIA GeForce RTX 2080 Ti (ID=0x1e07)
    Vendor:   NVIDIA
    VRAM:     11048 MB
    Driver:   30.0.14.9649
Initialize mono
Mono path[0] = 'C:/Program Files/Unity/Hub/Editor/2021.2.17f1/Editor/Data/Managed'
Mono path[1] = 'C:/Program Files/Unity/Hub/Editor/2021.2.17f1/Editor/Data/MonoBleedingEdge/lib/mono/unityjit-win32'
Mono config path = 'C:/Program Files/Unity/Hub/Editor/2021.2.17f1/Editor/Data/MonoBleedingEdge/etc'
Using monoOptions --debugger-agent=transport=dt_socket,embedding=1,server=y,suspend=n,address=127.0.0.1:56872
Begin MonoManager ReloadAssembly
Registering precompiled unity dll's ...
Register platform support module: C:/Program Files/Unity/Hub/Editor/2021.2.17f1/Editor/Data/PlaybackEngines/WindowsStandaloneSupport/UnityEditor.WindowsStandalone.Extensions.dll
Registered in 0.007476 seconds.
Native extension for WindowsStandalone target not found
Refreshing native plugins compatible for Editor in 97.20 ms, found 3 plugins.
Preloading 0 native plugins for Editor in 0.00 ms.
Mono: successfully reloaded assembly
- Completed reload, in  0.623 seconds
Domain Reload Profiling:
	ReloadAssembly (623ms)
		BeginReloadAssembly (71ms)
			ExecutionOrderSort (0ms)
			DisableScriptedObjects (0ms)
			BackupInstance (0ms)
			ReleaseScriptingObjects (0ms)
			CreateAndSetChildDomain (1ms)
		EndReloadAssembly (441ms)
			LoadAssemblies (68ms)
			RebuildTransferFunctionScriptingTraits (0ms)
			SetupTypeCache (92ms)
			ReleaseScriptCaches (0ms)
			RebuildScriptCaches (27ms)
			SetupLoadedEditorAssemblies (277ms)
				LogAssemblyErrors (0ms)
				InitializePlatformSupportModulesInManaged (8ms)
				SetLoadedEditorAssemblies (0ms)
				RefreshPlugins (97ms)
				BeforeProcessingInitializeOnLoad (1ms)
				ProcessInitializeOnLoadAttributes (127ms)
				ProcessInitializeOnLoadMethodAttributes (43ms)
				AfterProcessingInitializeOnLoad (0ms)
				EditorAssembliesLoaded (0ms)
			ExecutionOrderSort2 (0ms)
			AwakeInstancesAfterBackupRestoration (0ms)
Platform modules already initialized, skipping
Registering precompiled user dll's ...
Registered in 0.004546 seconds.
Begin MonoManager ReloadAssembly
Symbol file LoadedFromMemory doesn't match image D:\Users\karci\Shooter\Library\PackageCache\com.unity.visualscripting@1.7.6\Editor\VisualScripting.Core\Dependencies\YamlDotNet\Unity.VisualScripting.YamlDotNet.dll
Symbol file LoadedFromMemory doesn't match image D:\Users\karci\Shooter\Library\PackageCache\com.unity.visualscripting@1.7.6\Editor\VisualScripting.Core\Dependencies\DotNetZip\Unity.VisualScripting.IonicZip.dll
Native extension for WindowsStandalone target not found
Refreshing native plugins compatible for Editor in 0.63 ms, found 3 plugins.
Preloading 0 native plugins for Editor in 0.00 ms.
Mono: successfully reloaded assembly
- Completed reload, in  0.930 seconds
Domain Reload Profiling:
	ReloadAssembly (930ms)
		BeginReloadAssembly (108ms)
			ExecutionOrderSort (0ms)
			DisableScriptedObjects (6ms)
			BackupInstance (0ms)
			ReleaseScriptingObjects (0ms)
			CreateAndSetChildDomain (18ms)
		EndReloadAssembly (716ms)
			LoadAssemblies (78ms)
			RebuildTransferFunctionScriptingTraits (0ms)
			SetupTypeCache (212ms)
			ReleaseScriptCaches (1ms)
			RebuildScriptCaches (48ms)
			SetupLoadedEditorAssemblies (339ms)
				LogAssemblyErrors (0ms)
				InitializePlatformSupportModulesInManaged (6ms)
				SetLoadedEditorAssemblies (0ms)
				RefreshPlugins (1ms)
				BeforeProcessingInitializeOnLoad (87ms)
				ProcessInitializeOnLoadAttributes (214ms)
				ProcessInitializeOnLoadMethodAttributes (21ms)
				AfterProcessingInitializeOnLoad (9ms)
				EditorAssembliesLoaded (0ms)
			ExecutionOrderSort2 (0ms)
			AwakeInstancesAfterBackupRestoration (9ms)
Platform modules already initialized, skipping
========================================================================
Worker process is ready to serve import requests
Launched and connected shader compiler UnityShaderCompiler.exe after 0.07 seconds
Refreshing native plugins compatible for Editor in 0.64 ms, found 3 plugins.
Preloading 0 native plugins for Editor in 0.00 ms.
Unloading 3258 Unused Serialized files (Serialized files now loaded: 0)
Unloading 24 unused Assets / (465.4 KB). Loaded Objects now: 3731.
Memory consumption went from 126.5 MB to 126.1 MB.
Total: 2.963500 ms (FindLiveObjects: 0.381200 ms CreateObjectMapping: 0.217900 ms MarkObjects: 1.975600 ms  DeleteObjects: 0.387300 ms)

AssetImportParameters requested are different than current active one (requested -> active):
  custom:video-decoder-ogg-theora: a1e56fd34408186e4bbccfd4996cb3dc -> 
  custom:container-muxer-webm: aa71ff27fc2769a1b78a27578f13a17b -> 
  custom:container-demuxer-webm: 4f35f7cbe854078d1ac9338744f61a02 -> 
  custom:video-encoder-webm-vp8: eb34c28f22e8b96e1ab97ce403110664 -> 
  custom:audio-encoder-webm-vorbis: bf7c407c2cedff20999df2af8eb42d56 -> 
  custom:framework-win-MediaFoundation: 216162199b28c13a410421893ffa2e32 -> 
  custom:container-demuxer-ogg: 62fdf1f143b41e24485cea50d1cbac27 -> 
  custom:video-decoder-webm-vp8: 9c59270c3fd7afecdb556c50c9e8de78 -> 
  custom:audio-decoder-ogg-vorbis: bf7c407c2cedff20999df2af8eb42d56 -> 
========================================================================
Received Import Request.
  Time since last request: 39881.276235 seconds.
  path: Assets/Fire Particle Systems
  artifactKey: Guid(d554a7c8cb11f1b4d833b51b072fccc9) Importer(815301076,1909f56bfc062723c751e8b465ee728b)
Start importing Assets/Fire Particle Systems using Guid(d554a7c8cb11f1b4d833b51b072fccc9) Importer(815301076,1909f56bfc062723c751e8b465ee728b)  -> (artifact id: '5819ef27abe2c09b8d995a1f04df12d4') in 0.009211 seconds 
========================================================================
Received Import Request.
  Time since last request: 0.000038 seconds.
  path: Assets/Fire Particle Systems/UniversalRenderPipelineAsset.asset
  artifactKey: Guid(68b9364efa915437cb1f4c579332314a) Importer(815301076,1909f56bfc062723c751e8b465ee728b)
Start importing Assets/Fire Particle Systems/UniversalRenderPipelineAsset.asset using Guid(68b9364efa915437cb1f4c579332314a) Importer(815301076,1909f56bfc062723c751e8b465ee728b)  -> (artifact id: '735237c92e1baa85ff25cd831b64ae3d') in 0.030959 seconds 
========================================================================
Received Import Request.
  Time since last request: 0.000026 seconds.
  path: Assets/Fire Particle Systems/UniversalRenderPipelineAsset_Renderer.asset
  artifactKey: Guid(c1e30f2cecc8d44deaf54980f5b72af1) Importer(815301076,1909f56bfc062723c751e8b465ee728b)
Start importing Assets/Fire Particle Systems/UniversalRenderPipelineAsset_Renderer.asset using Guid(c1e30f2cecc8d44deaf54980f5b72af1) Importer(815301076,1909f56bfc062723c751e8b465ee728b)  -> (artifact id: '87d48c71e777faf9fd93e821daef0559') in 0.006916 seconds 
========================================================================
Received Import Request.
  Time since last request: 0.000028 seconds.
  path: Assets/Fire Particle Systems/Scenes
  artifactKey: Guid(3a3657ede61b445de8725d3962671eca) Importer(815301076,1909f56bfc062723c751e8b465ee728b)
Start importing Assets/Fire Particle Systems/Scenes using Guid(3a3657ede61b445de8725d3962671eca) Importer(815301076,1909f56bfc062723c751e8b465ee728b)  -> (artifact id: 'f4a9697f08879ae8f08fea69d954bb70') in 0.005608 seconds 
========================================================================
Received Import Request.
  Time since last request: 0.000037 seconds.
  path: Assets/Fire Particle Systems/Scenes/Overview_Profiles/Post-processing Profile.asset
  artifactKey: Guid(ff88c218d9a334b51b9be7a096c38172) Importer(815301076,1909f56bfc062723c751e8b465ee728b)
Start importing Assets/Fire Particle Systems/Scenes/Overview_Profiles/Post-processing Profile.asset using Guid(ff88c218d9a334b51b9be7a096c38172) Importer(815301076,1909f56bfc062723c751e8b465ee728b)  -> (artifact id: '3e57f12bbe3426b9e2b191d7fff77809') in 0.006068 seconds 
========================================================================
Received Import Request.
  Time since last request: 5.507268 seconds.
  path: Assets/Fire Particle Systems/Resources/Prefabs/Particle System Composite/Explosion_02.prefab
  artifactKey: Guid(333cb407bd051464898c89b94fff814d) Importer(815301076,1909f56bfc062723c751e8b465ee728b)
Start importing Assets/Fire Particle Systems/Resources/Prefabs/Particle System Composite/Explosion_02.prefab using Guid(333cb407bd051464898c89b94fff814d) Importer(815301076,1909f56bfc062723c751e8b465ee728b)  -> (artifact id: '1d4ec3886756e31bcd92fa74ac35795f') in 0.105410 seconds 
========================================================================
Received Import Request.
  Time since last request: 0.000028 seconds.
  path: Assets/Fire Particle Systems/Resources/Prefabs/Particle System Composite/Rain-Sparks.prefab
  artifactKey: Guid(317328d39745a44049c9f96550d59821) Importer(815301076,1909f56bfc062723c751e8b465ee728b)
Start importing Assets/Fire Particle Systems/Resources/Prefabs/Particle System Composite/Rain-Sparks.prefab using Guid(317328d39745a44049c9f96550d59821) Importer(815301076,1909f56bfc062723c751e8b465ee728b)  -> (artifact id: 'b41cf2b48d294887fab6d017740fe51a') in 0.018676 seconds 
========================================================================
Received Import Request.
  Time since last request: 0.000029 seconds.
  path: Assets/Fire Particle Systems/Resources/Prefabs/Particle System Composite/Fire_Medium-Smoke-Sparks_RateOverTime.prefab
  artifactKey: Guid(75e54243e6d204bf7a1c6910b40e77f2) Importer(815301076,1909f56bfc062723c751e8b465ee728b)
Start importing Assets/Fire Particle Systems/Resources/Prefabs/Particle System Composite/Fire_Medium-Smoke-Sparks_RateOverTime.prefab using Guid(75e54243e6d204bf7a1c6910b40e77f2) Importer(815301076,1909f56bfc062723c751e8b465ee728b)  -> (artifact id: '61f89804860890c5a6eba82d5cca5d8c') in 0.019660 seconds 
========================================================================
Received Import Request.
  Time since last request: 3.706046 seconds.
  path: Assets/Fire Particle Systems/Resources/Prefabs/Particle System Parts/ParticleSystem_Ember_RateOverTime_Small.prefab
  artifactKey: Guid(856e56dc68df84c26a9e8e2ada4952ca) Importer(815301076,1909f56bfc062723c751e8b465ee728b)
Start importing Assets/Fire Particle Systems/Resources/Prefabs/Particle System Parts/ParticleSystem_Ember_RateOverTime_Small.prefab using Guid(856e56dc68df84c26a9e8e2ada4952ca) Importer(815301076,1909f56bfc062723c751e8b465ee728b)  -> (artifact id: 'e64c93a9c2b06e069f934a38e1df54e8') in 0.014117 seconds 
========================================================================
Received Import Request.
  Time since last request: 0.000029 seconds.
  path: Assets/Fire Particle Systems/Resources/Prefabs/Particle System Parts/ParticleSystem_Firedust.prefab
  artifactKey: Guid(5a3c983668d4b40d7986afa8a4db6566) Importer(815301076,1909f56bfc062723c751e8b465ee728b)
Start importing Assets/Fire Particle Systems/Resources/Prefabs/Particle System Parts/ParticleSystem_Firedust.prefab using Guid(5a3c983668d4b40d7986afa8a4db6566) Importer(815301076,1909f56bfc062723c751e8b465ee728b)  -> (artifact id: '60f18ee60a37b587ac672021327bc89f') in 0.013049 seconds 
========================================================================
Received Import Request.
  Time since last request: 0.000018 seconds.
  path: Assets/Fire Particle Systems/Resources/Prefabs/Particle System Parts/ParticleSystem_Fire_Sphere_Large.prefab
  artifactKey: Guid(a1f6b97156cc34a83a9c2593d5a196e7) Importer(815301076,1909f56bfc062723c751e8b465ee728b)
Start importing Assets/Fire Particle Systems/Resources/Prefabs/Particle System Parts/ParticleSystem_Fire_Sphere_Large.prefab using Guid(a1f6b97156cc34a83a9c2593d5a196e7) Importer(815301076,1909f56bfc062723c751e8b465ee728b)  -> (artifact id: '5bc0f7ce05ec475d5af2e028ba38bf7e') in 0.019994 seconds 
========================================================================
Received Import Request.
  Time since last request: 0.000016 seconds.
  path: Assets/Fire Particle Systems/Resources/Prefabs/Particle System Parts/ParticleSystem_Smoke.prefab
  artifactKey: Guid(c2edc8ec6e2264f6995b6238eeb0acac) Importer(815301076,1909f56bfc062723c751e8b465ee728b)
Start importing Assets/Fire Particle Systems/Resources/Prefabs/Particle System Parts/ParticleSystem_Smoke.prefab using Guid(c2edc8ec6e2264f6995b6238eeb0acac) Importer(815301076,1909f56bfc062723c751e8b465ee728b)  -> (artifact id: 'e95af5e7ad03e3b816f5d2da9c9922a6') in 0.016888 seconds 
========================================================================
Received Import Request.
  Time since last request: 0.000019 seconds.
  path: Assets/Fire Particle Systems/Resources/Prefabs/Particle System Parts/ParticleSystem_Fire_Ring_Loop.prefab
  artifactKey: Guid(9abc96d5b9ef94112b415043231ff3b0) Importer(815301076,1909f56bfc062723c751e8b465ee728b)
Start importing Assets/Fire Particle Systems/Resources/Prefabs/Particle System Parts/ParticleSystem_Fire_Ring_Loop.prefab using Guid(9abc96d5b9ef94112b415043231ff3b0) Importer(815301076,1909f56bfc062723c751e8b465ee728b)  -> (artifact id: 'd5c94f88ee6e9d711277e4963a4add9d') in 0.013979 seconds 
========================================================================
Received Import Request.
  Time since last request: 0.000020 seconds.
  path: Assets/Fire Particle Systems/Resources/Prefabs/Particle System Parts/ParticleSystem_Sparks_Small.prefab
  artifactKey: Guid(031946e78318d473a9817216c5a87afd) Importer(815301076,1909f56bfc062723c751e8b465ee728b)
Start importing Assets/Fire Particle Systems/Resources/Prefabs/Particle System Parts/ParticleSystem_Sparks_Small.prefab using Guid(031946e78318d473a9817216c5a87afd) Importer(815301076,1909f56bfc062723c751e8b465ee728b)  -> (artifact id: '0a7b7d7ed61682d0426caaed535b3537') in 0.035556 seconds 
========================================================================
Received Import Request.
  Time since last request: 0.000024 seconds.
  path: Assets/Fire Particle Systems/Resources/Prefabs/Particle System Parts/ParticleSystem_Flash.prefab
  artifactKey: Guid(a4a3537d2451a44198e0d4f66f73e725) Importer(815301076,1909f56bfc062723c751e8b465ee728b)
Start importing Assets/Fire Particle Systems/Resources/Prefabs/Particle System Parts/ParticleSystem_Flash.prefab using Guid(a4a3537d2451a44198e0d4f66f73e725) Importer(815301076,1909f56bfc062723c751e8b465ee728b)  -> (artifact id: '927ff65a542f9658f7c652b9008be8a0') in 0.015816 seconds 
========================================================================
Received Import Request.
  Time since last request: 0.000021 seconds.
  path: Assets/Fire Particle Systems/Resources/Prefabs/Particle System Parts/ParticleSystem_Sparks.prefab
  artifactKey: Guid(381e02f47a2a047219b58d999746659b) Importer(815301076,1909f56bfc062723c751e8b465ee728b)
Start importing Assets/Fire Particle Systems/Resources/Prefabs/Particle System Parts/ParticleSystem_Sparks.prefab using Guid(381e02f47a2a047219b58d999746659b) Importer(815301076,1909f56bfc062723c751e8b465ee728b)  -> (artifact id: 'd3e9e4fa45a73bffc354e09dec922bc7') in 0.019859 seconds 
========================================================================
Received Import Request.
  Time since last request: 0.000030 seconds.
  path: Assets/Fire Particle Systems/Resources/Prefabs/Particle System Parts/ParticleSystem_Fire_RateOverTime_Ring.prefab
  artifactKey: Guid(87d30b43a49d64b8e92c699a1f79e722) Importer(815301076,1909f56bfc062723c751e8b465ee728b)
Start importing Assets/Fire Particle Systems/Resources/Prefabs/Particle System Parts/ParticleSystem_Fire_RateOverTime_Ring.prefab using Guid(87d30b43a49d64b8e92c699a1f79e722) Importer(815301076,1909f56bfc062723c751e8b465ee728b)  -> (artifact id: 'cc1874c72391d365f3344c675ac23017') in 0.015171 seconds 
Editor requested this worker to shutdown with reason: Scaling down because of idle timeout
AssetImportWorker is now disconnected from the server
Process exiting
Exiting without the bug reporter. Application will terminate with return code 0