Using pre-set license
Built from '2021.2/staging' branch; Version is '2021.2.17f1 (efb8f635e7b1) revision 15710454'; Using compiler version '192829333'; Build Type 'Release'
OS: 'Windows 10  (10.0.19044) 64bit Core' Language: 'pl' Physical Memory: 16322 MB
BatchMode: 1, IsHumanControllingUs: 0, StartBugReporterOnCrash: 0, Is64bit: 1, IsPro: 1

COMMAND LINE ARGUMENTS:
C:\Program Files\Unity\Hub\Editor\2021.2.17f1\Editor\Unity.exe
-adb2
-batchMode
-noUpm
-name
AssetImportWorker2
-projectPath
D:/Users/karci/Shooter
-logFile
Logs/AssetImportWorker2.log
-srvPort
53027
Successfully changed project path to: D:/Users/karci/Shooter
D:/Users/karci/Shooter
[UnityMemory] Configuration Parameters - Can be set up in boot.config
    "memorysetup-bucket-allocator-granularity=16"
    "memorysetup-bucket-allocator-bucket-count=8"
    "memorysetup-bucket-allocator-block-size=33554432"
    "memorysetup-bucket-allocator-block-count=8"
    "memorysetup-main-allocator-block-size=16777216"
    "memorysetup-thread-allocator-block-size=16777216"
    "memorysetup-gfx-main-allocator-block-size=16777216"
    "memorysetup-gfx-thread-allocator-block-size=16777216"
    "memorysetup-cache-allocator-block-size=4194304"
    "memorysetup-typetree-allocator-block-size=2097152"
    "memorysetup-profiler-bucket-allocator-granularity=16"
    "memorysetup-profiler-bucket-allocator-bucket-count=8"
    "memorysetup-profiler-bucket-allocator-block-size=33554432"
    "memorysetup-profiler-bucket-allocator-block-count=8"
    "memorysetup-profiler-allocator-block-size=16777216"
    "memorysetup-profiler-editor-allocator-block-size=1048576"
    "memorysetup-temp-allocator-size-main=16777216"
    "memorysetup-job-temp-allocator-block-size=2097152"
    "memorysetup-job-temp-allocator-block-size-background=1048576"
    "memorysetup-job-temp-allocator-reduction-small-platforms=262144"
    "memorysetup-temp-allocator-size-background-worker=32768"
    "memorysetup-temp-allocator-size-job-worker=262144"
    "memorysetup-temp-allocator-size-preload-manager=33554432"
    "memorysetup-temp-allocator-size-nav-mesh-worker=65536"
    "memorysetup-temp-allocator-size-audio-worker=65536"
    "memorysetup-temp-allocator-size-cloud-worker=32768"
    "memorysetup-temp-allocator-size-gi-baking-worker=262144"
    "memorysetup-temp-allocator-size-gfx=262144"
Refreshing native plugins compatible for Editor in 133.52 ms, found 3 plugins.
Preloading 0 native plugins for Editor in 0.00 ms.
Initialize engine version: 2021.2.17f1 (efb8f635e7b1)
[Subsystems] Discovering subsystems at path C:/Program Files/Unity/Hub/Editor/2021.2.17f1/Editor/Data/Resources/UnitySubsystems
[Subsystems] Discovering subsystems at path D:/Users/karci/Shooter/Assets
GfxDevice: creating device client; threaded=0; jobified=0
Direct3D:
    Version:  Direct3D 11.0 [level 11.1]
    Renderer: NVIDIA GeForce RTX 2080 Ti (ID=0x1e07)
    Vendor:   NVIDIA
    VRAM:     11048 MB
    Driver:   30.0.14.9649
Initialize mono
Mono path[0] = 'C:/Program Files/Unity/Hub/Editor/2021.2.17f1/Editor/Data/Managed'
Mono path[1] = 'C:/Program Files/Unity/Hub/Editor/2021.2.17f1/Editor/Data/MonoBleedingEdge/lib/mono/unityjit-win32'
Mono config path = 'C:/Program Files/Unity/Hub/Editor/2021.2.17f1/Editor/Data/MonoBleedingEdge/etc'
Using monoOptions --debugger-agent=transport=dt_socket,embedding=1,server=y,suspend=n,address=127.0.0.1:56892
Begin MonoManager ReloadAssembly
Registering precompiled unity dll's ...
Register platform support module: C:/Program Files/Unity/Hub/Editor/2021.2.17f1/Editor/Data/PlaybackEngines/WindowsStandaloneSupport/UnityEditor.WindowsStandalone.Extensions.dll
Registered in 0.007430 seconds.
Native extension for WindowsStandalone target not found
Refreshing native plugins compatible for Editor in 93.07 ms, found 3 plugins.
Preloading 0 native plugins for Editor in 0.00 ms.
Mono: successfully reloaded assembly
- Completed reload, in  0.607 seconds
Domain Reload Profiling:
	ReloadAssembly (608ms)
		BeginReloadAssembly (70ms)
			ExecutionOrderSort (0ms)
			DisableScriptedObjects (0ms)
			BackupInstance (0ms)
			ReleaseScriptingObjects (0ms)
			CreateAndSetChildDomain (1ms)
		EndReloadAssembly (434ms)
			LoadAssemblies (68ms)
			RebuildTransferFunctionScriptingTraits (0ms)
			SetupTypeCache (92ms)
			ReleaseScriptCaches (0ms)
			RebuildScriptCaches (26ms)
			SetupLoadedEditorAssemblies (269ms)
				LogAssemblyErrors (0ms)
				InitializePlatformSupportModulesInManaged (7ms)
				SetLoadedEditorAssemblies (0ms)
				RefreshPlugins (93ms)
				BeforeProcessingInitializeOnLoad (1ms)
				ProcessInitializeOnLoadAttributes (127ms)
				ProcessInitializeOnLoadMethodAttributes (41ms)
				AfterProcessingInitializeOnLoad (0ms)
				EditorAssembliesLoaded (0ms)
			ExecutionOrderSort2 (0ms)
			AwakeInstancesAfterBackupRestoration (0ms)
Platform modules already initialized, skipping
Registering precompiled user dll's ...
Registered in 0.004476 seconds.
Begin MonoManager ReloadAssembly
Symbol file LoadedFromMemory doesn't match image D:\Users\karci\Shooter\Library\PackageCache\com.unity.visualscripting@1.7.6\Editor\VisualScripting.Core\Dependencies\YamlDotNet\Unity.VisualScripting.YamlDotNet.dll
Symbol file LoadedFromMemory doesn't match image D:\Users\karci\Shooter\Library\PackageCache\com.unity.visualscripting@1.7.6\Editor\VisualScripting.Core\Dependencies\DotNetZip\Unity.VisualScripting.IonicZip.dll
Native extension for WindowsStandalone target not found
Refreshing native plugins compatible for Editor in 0.56 ms, found 3 plugins.
Preloading 0 native plugins for Editor in 0.00 ms.
Mono: successfully reloaded assembly
- Completed reload, in  0.873 seconds
Domain Reload Profiling:
	ReloadAssembly (874ms)
		BeginReloadAssembly (103ms)
			ExecutionOrderSort (0ms)
			DisableScriptedObjects (5ms)
			BackupInstance (0ms)
			ReleaseScriptingObjects (0ms)
			CreateAndSetChildDomain (17ms)
		EndReloadAssembly (668ms)
			LoadAssemblies (72ms)
			RebuildTransferFunctionScriptingTraits (0ms)
			SetupTypeCache (191ms)
			ReleaseScriptCaches (1ms)
			RebuildScriptCaches (45ms)
			SetupLoadedEditorAssemblies (331ms)
				LogAssemblyErrors (0ms)
				InitializePlatformSupportModulesInManaged (6ms)
				SetLoadedEditorAssemblies (0ms)
				RefreshPlugins (1ms)
				BeforeProcessingInitializeOnLoad (81ms)
				ProcessInitializeOnLoadAttributes (213ms)
				ProcessInitializeOnLoadMethodAttributes (22ms)
				AfterProcessingInitializeOnLoad (9ms)
				EditorAssembliesLoaded (0ms)
			ExecutionOrderSort2 (0ms)
			AwakeInstancesAfterBackupRestoration (6ms)
Platform modules already initialized, skipping
========================================================================
Worker process is ready to serve import requests
Launched and connected shader compiler UnityShaderCompiler.exe after 0.07 seconds
Refreshing native plugins compatible for Editor in 0.55 ms, found 3 plugins.
Preloading 0 native plugins for Editor in 0.00 ms.
Unloading 3258 Unused Serialized files (Serialized files now loaded: 0)
Unloading 24 unused Assets / (465.4 KB). Loaded Objects now: 3731.
Memory consumption went from 126.6 MB to 126.1 MB.
Total: 3.144900 ms (FindLiveObjects: 0.261500 ms CreateObjectMapping: 0.208700 ms MarkObjects: 2.437800 ms  DeleteObjects: 0.235900 ms)

AssetImportParameters requested are different than current active one (requested -> active):
  custom:video-decoder-ogg-theora: a1e56fd34408186e4bbccfd4996cb3dc -> 
  custom:container-muxer-webm: aa71ff27fc2769a1b78a27578f13a17b -> 
  custom:container-demuxer-webm: 4f35f7cbe854078d1ac9338744f61a02 -> 
  custom:video-encoder-webm-vp8: eb34c28f22e8b96e1ab97ce403110664 -> 
  custom:audio-encoder-webm-vorbis: bf7c407c2cedff20999df2af8eb42d56 -> 
  custom:framework-win-MediaFoundation: 216162199b28c13a410421893ffa2e32 -> 
  custom:container-demuxer-ogg: 62fdf1f143b41e24485cea50d1cbac27 -> 
  custom:video-decoder-webm-vp8: 9c59270c3fd7afecdb556c50c9e8de78 -> 
  custom:audio-decoder-ogg-vorbis: bf7c407c2cedff20999df2af8eb42d56 -> 
========================================================================
Received Import Request.
  Time since last request: 39886.033901 seconds.
  path: Assets/Fire Particle Systems/Resources/Prefabs/Particle System Composite
  artifactKey: Guid(d939c6633a81d4bb0b0bbc321d4ac3eb) Importer(815301076,1909f56bfc062723c751e8b465ee728b)
Start importing Assets/Fire Particle Systems/Resources/Prefabs/Particle System Composite using Guid(d939c6633a81d4bb0b0bbc321d4ac3eb) Importer(815301076,1909f56bfc062723c751e8b465ee728b)  -> (artifact id: 'cddb87a18a435341178908a7bcb6f220') in 0.010119 seconds 
========================================================================
Received Import Request.
  Time since last request: 0.820324 seconds.
  path: Assets/Fire Particle Systems/Resources/Prefabs/Particle System Composite/Explosion_00.prefab
  artifactKey: Guid(180b8d26899824fa8884b05d27ab33c2) Importer(815301076,1909f56bfc062723c751e8b465ee728b)
Start importing Assets/Fire Particle Systems/Resources/Prefabs/Particle System Composite/Explosion_00.prefab using Guid(180b8d26899824fa8884b05d27ab33c2) Importer(815301076,1909f56bfc062723c751e8b465ee728b)  -> (artifact id: '67292e835b0e53038421a586014f0664') in 0.128503 seconds 
========================================================================
Received Import Request.
  Time since last request: 0.000030 seconds.
  path: Assets/Fire Particle Systems/Resources/Prefabs/Particle System Composite/Flash-Shockwave-Smoke.prefab
  artifactKey: Guid(67f2a9421a64848c2bef46ef4b68cc1b) Importer(815301076,1909f56bfc062723c751e8b465ee728b)
Start importing Assets/Fire Particle Systems/Resources/Prefabs/Particle System Composite/Flash-Shockwave-Smoke.prefab using Guid(67f2a9421a64848c2bef46ef4b68cc1b) Importer(815301076,1909f56bfc062723c751e8b465ee728b)  -> (artifact id: '30ba10c7beebfe2ad1291e9c34e01eab') in 0.019424 seconds 
========================================================================
Received Import Request.
  Time since last request: 3.646143 seconds.
  path: Assets/Fire Particle Systems/Resources/Prefabs/Particle System Parts
  artifactKey: Guid(df172eb24889b437abed9cd2d34aae11) Importer(815301076,1909f56bfc062723c751e8b465ee728b)
Start importing Assets/Fire Particle Systems/Resources/Prefabs/Particle System Parts using Guid(df172eb24889b437abed9cd2d34aae11) Importer(815301076,1909f56bfc062723c751e8b465ee728b)  -> (artifact id: 'b21f046bcb006174988d1f7ea6b8dad3') in 0.005369 seconds 
========================================================================
Received Import Request.
  Time since last request: 0.051193 seconds.
  path: Assets/Fire Particle Systems/Resources/Prefabs/Particle System Parts/ParticleSystem_Dust.prefab
  artifactKey: Guid(37d36c6e35b2448069d2d7b2a54d2a1e) Importer(815301076,1909f56bfc062723c751e8b465ee728b)
Start importing Assets/Fire Particle Systems/Resources/Prefabs/Particle System Parts/ParticleSystem_Dust.prefab using Guid(37d36c6e35b2448069d2d7b2a54d2a1e) Importer(815301076,1909f56bfc062723c751e8b465ee728b)  -> (artifact id: 'd5f55d9dcd3881c03736284569b31c0d') in 0.014885 seconds 
========================================================================
Received Import Request.
  Time since last request: 0.000024 seconds.
  path: Assets/Fire Particle Systems/Resources/Prefabs/Particle System Parts/ParticleSystem_Fire_Wall.prefab
  artifactKey: Guid(e7266ee4a4c4b487fb36016f7031634b) Importer(815301076,1909f56bfc062723c751e8b465ee728b)
Start importing Assets/Fire Particle Systems/Resources/Prefabs/Particle System Parts/ParticleSystem_Fire_Wall.prefab using Guid(e7266ee4a4c4b487fb36016f7031634b) Importer(815301076,1909f56bfc062723c751e8b465ee728b)  -> (artifact id: 'bc058745a9155d2f72b551f849464162') in 0.014199 seconds 
========================================================================
Received Import Request.
  Time since last request: 0.000026 seconds.
  path: Assets/Fire Particle Systems/Resources/Prefabs/Particle System Parts/ParticleSystem_Smoke_RateOverTime.prefab
  artifactKey: Guid(3cf692a56f30a4c2ba321db57e966c0e) Importer(815301076,1909f56bfc062723c751e8b465ee728b)
Start importing Assets/Fire Particle Systems/Resources/Prefabs/Particle System Parts/ParticleSystem_Smoke_RateOverTime.prefab using Guid(3cf692a56f30a4c2ba321db57e966c0e) Importer(815301076,1909f56bfc062723c751e8b465ee728b)  -> (artifact id: '45c797dab51fb6963002e68ba16d5181') in 0.015737 seconds 
========================================================================
Received Import Request.
  Time since last request: 0.000020 seconds.
  path: Assets/Fire Particle Systems/Resources/Prefabs/Particle System Parts/ParticleSystem_Fire_Sphere_Medium.prefab
  artifactKey: Guid(8d0855c4cb4ea41e59903544501150c1) Importer(815301076,1909f56bfc062723c751e8b465ee728b)
Start importing Assets/Fire Particle Systems/Resources/Prefabs/Particle System Parts/ParticleSystem_Fire_Sphere_Medium.prefab using Guid(8d0855c4cb4ea41e59903544501150c1) Importer(815301076,1909f56bfc062723c751e8b465ee728b)  -> (artifact id: 'c59ddfe0f09e26e15954700dc3ce77e3') in 0.018495 seconds 
========================================================================
Received Import Request.
  Time since last request: 0.000019 seconds.
  path: Assets/Fire Particle Systems/Resources/Prefabs/Particle System Parts/ParticleSystem_Smoke_Slow.prefab
  artifactKey: Guid(e9179048415fa4c668a9415cf99cc991) Importer(815301076,1909f56bfc062723c751e8b465ee728b)
Start importing Assets/Fire Particle Systems/Resources/Prefabs/Particle System Parts/ParticleSystem_Smoke_Slow.prefab using Guid(e9179048415fa4c668a9415cf99cc991) Importer(815301076,1909f56bfc062723c751e8b465ee728b)  -> (artifact id: '19a5a96cc4529c352bde4a5852733738') in 0.017976 seconds 
========================================================================
Received Import Request.
  Time since last request: 0.000020 seconds.
  path: Assets/Fire Particle Systems/Resources/Prefabs/Particle System Parts/ParticleSystem_Fire_RateOverTime_Medium.prefab
  artifactKey: Guid(9981e4cec22644c10bd12f28ca683bae) Importer(815301076,1909f56bfc062723c751e8b465ee728b)
Start importing Assets/Fire Particle Systems/Resources/Prefabs/Particle System Parts/ParticleSystem_Fire_RateOverTime_Medium.prefab using Guid(9981e4cec22644c10bd12f28ca683bae) Importer(815301076,1909f56bfc062723c751e8b465ee728b)  -> (artifact id: 'b183c1d8df34f674155d5ec203e7dfa5') in 0.022160 seconds 
========================================================================
Received Import Request.
  Time since last request: 0.000020 seconds.
  path: Assets/Fire Particle Systems/Resources/Prefabs/Particle System Parts/ParticleSystem_Splash.prefab
  artifactKey: Guid(c82b10c95c5484801b7618f55fbff557) Importer(815301076,1909f56bfc062723c751e8b465ee728b)
Start importing Assets/Fire Particle Systems/Resources/Prefabs/Particle System Parts/ParticleSystem_Splash.prefab using Guid(c82b10c95c5484801b7618f55fbff557) Importer(815301076,1909f56bfc062723c751e8b465ee728b)  -> (artifact id: 'fc00c7b1215ad7990d1bf9c672f9b4c1') in 0.014892 seconds 
========================================================================
Received Import Request.
  Time since last request: 0.000019 seconds.
  path: Assets/Fire Particle Systems/Resources/Prefabs/Particle System Parts/ParticleSystem_Fire_Medium.prefab
  artifactKey: Guid(8e349848f13f648df8b267f140fafdc7) Importer(815301076,1909f56bfc062723c751e8b465ee728b)
Start importing Assets/Fire Particle Systems/Resources/Prefabs/Particle System Parts/ParticleSystem_Fire_Medium.prefab using Guid(8e349848f13f648df8b267f140fafdc7) Importer(815301076,1909f56bfc062723c751e8b465ee728b)  -> (artifact id: 'c61d86eb1a3ddd594922162be398bbda') in 0.016111 seconds 
========================================================================
Received Import Request.
  Time since last request: 0.000033 seconds.
  path: Assets/Fire Particle Systems/Resources/Prefabs/Particle System Parts/ParticleSystem_Fire_Sphere_Small.prefab
  artifactKey: Guid(331603f5712f246f38f10789333c617e) Importer(815301076,1909f56bfc062723c751e8b465ee728b)
Start importing Assets/Fire Particle Systems/Resources/Prefabs/Particle System Parts/ParticleSystem_Fire_Sphere_Small.prefab using Guid(331603f5712f246f38f10789333c617e) Importer(815301076,1909f56bfc062723c751e8b465ee728b)  -> (artifact id: '4879fd4aec4a7eeea786821805bf7708') in 0.038014 seconds 
========================================================================
Received Import Request.
  Time since last request: 21.767438 seconds.
  path: Assets/Fire Particle Systems/Scenes/Overview.unity
  artifactKey: Guid(5e5ff0c1824430f47bb6b52fa67d1abf) Importer(815301076,1909f56bfc062723c751e8b465ee728b)
Start importing Assets/Fire Particle Systems/Scenes/Overview.unity using Guid(5e5ff0c1824430f47bb6b52fa67d1abf) Importer(815301076,1909f56bfc062723c751e8b465ee728b)  -> (artifact id: '1bf463dbbc034e6ff3172fd99c3a0eef') in 0.004834 seconds 
========================================================================
Received Prepare
Registering precompiled user dll's ...
Registered in 0.004116 seconds.
Begin MonoManager ReloadAssembly
Symbol file LoadedFromMemory doesn't match image D:\Users\karci\Shooter\Library\PackageCache\com.unity.visualscripting@1.7.6\Editor\VisualScripting.Core\Dependencies\YamlDotNet\Unity.VisualScripting.YamlDotNet.dll
Symbol file LoadedFromMemory doesn't match image D:\Users\karci\Shooter\Library\PackageCache\com.unity.visualscripting@1.7.6\Editor\VisualScripting.Core\Dependencies\DotNetZip\Unity.VisualScripting.IonicZip.dll
Native extension for WindowsStandalone target not found
Refreshing native plugins compatible for Editor in 0.60 ms, found 3 plugins.
Preloading 0 native plugins for Editor in 0.00 ms.
Mono: successfully reloaded assembly
- Completed reload, in  0.960 seconds
Domain Reload Profiling:
	ReloadAssembly (961ms)
		BeginReloadAssembly (121ms)
			ExecutionOrderSort (0ms)
			DisableScriptedObjects (4ms)
			BackupInstance (0ms)
			ReleaseScriptingObjects (0ms)
			CreateAndSetChildDomain (31ms)
		EndReloadAssembly (746ms)
			LoadAssemblies (78ms)
			RebuildTransferFunctionScriptingTraits (0ms)
			SetupTypeCache (244ms)
			ReleaseScriptCaches (1ms)
			RebuildScriptCaches (46ms)
			SetupLoadedEditorAssemblies (331ms)
				LogAssemblyErrors (0ms)
				InitializePlatformSupportModulesInManaged (14ms)
				SetLoadedEditorAssemblies (1ms)
				RefreshPlugins (1ms)
				BeforeProcessingInitializeOnLoad (71ms)
				ProcessInitializeOnLoadAttributes (204ms)
				ProcessInitializeOnLoadMethodAttributes (28ms)
				AfterProcessingInitializeOnLoad (11ms)
				EditorAssembliesLoaded (0ms)
			ExecutionOrderSort2 (0ms)
			AwakeInstancesAfterBackupRestoration (7ms)
Platform modules already initialized, skipping
Refreshing native plugins compatible for Editor in 1.79 ms, found 3 plugins.
Preloading 0 native plugins for Editor in 0.00 ms.
Unloading 3221 Unused Serialized files (Serialized files now loaded: 0)
Unloading 18 unused Assets / (402.6 KB). Loaded Objects now: 3740.
Memory consumption went from 127.7 MB to 127.3 MB.
Total: 3.240600 ms (FindLiveObjects: 0.387700 ms CreateObjectMapping: 0.305600 ms MarkObjects: 2.201900 ms  DeleteObjects: 0.344600 ms)

AssetImportParameters requested are different than current active one (requested -> active):
  custom:video-decoder-ogg-theora: a1e56fd34408186e4bbccfd4996cb3dc -> 
  custom:container-muxer-webm: aa71ff27fc2769a1b78a27578f13a17b -> 
  custom:container-demuxer-webm: 4f35f7cbe854078d1ac9338744f61a02 -> 
  custom:video-encoder-webm-vp8: eb34c28f22e8b96e1ab97ce403110664 -> 
  custom:audio-encoder-webm-vorbis: bf7c407c2cedff20999df2af8eb42d56 -> 
  custom:framework-win-MediaFoundation: 216162199b28c13a410421893ffa2e32 -> 
  custom:container-demuxer-ogg: 62fdf1f143b41e24485cea50d1cbac27 -> 
  custom:video-decoder-webm-vp8: 9c59270c3fd7afecdb556c50c9e8de78 -> 
  custom:audio-decoder-ogg-vorbis: bf7c407c2cedff20999df2af8eb42d56 -> 
========================================================================
Received Import Request.
  Time since last request: 148.984214 seconds.
  path: Assets/Fire Particle Systems/Resources/Materials
  artifactKey: Guid(0e9c20d8565c84949a7c1a12a1b71c65) Importer(815301076,1909f56bfc062723c751e8b465ee728b)
Start importing Assets/Fire Particle Systems/Resources/Materials using Guid(0e9c20d8565c84949a7c1a12a1b71c65) Importer(815301076,1909f56bfc062723c751e8b465ee728b)  -> (artifact id: 'afcdbf59f754bf325a21c837d50d5d2e') in 0.011026 seconds 
========================================================================
Received Import Request.
  Time since last request: 0.007199 seconds.
  path: Assets/Fire Particle Systems/Resources/Materials/Grid.mat
  artifactKey: Guid(634efac62037043bc9095640a8e1801c) Importer(815301076,1909f56bfc062723c751e8b465ee728b)
Start importing Assets/Fire Particle Systems/Resources/Materials/Grid.mat using Guid(634efac62037043bc9095640a8e1801c) Importer(815301076,1909f56bfc062723c751e8b465ee728b)  -> (artifact id: '4fd83ebad5615fbce90d5f55ca2affd1') in 0.075366 seconds 
========================================================================
Received Import Request.
  Time since last request: 0.000021 seconds.
  path: Assets/Fire Particle Systems/Resources/Materials/ParticleSystem_Multiply.mat
  artifactKey: Guid(1f1d0eb60890941809851582ab189602) Importer(815301076,1909f56bfc062723c751e8b465ee728b)
Start importing Assets/Fire Particle Systems/Resources/Materials/ParticleSystem_Multiply.mat using Guid(1f1d0eb60890941809851582ab189602) Importer(815301076,1909f56bfc062723c751e8b465ee728b)  -> (artifact id: 'c29c12199530796ad9bc272da29677f1') in 0.014823 seconds 
========================================================================
Received Import Request.
  Time since last request: 0.000020 seconds.
  path: Assets/Fire Particle Systems/Resources/Materials/ParticleSystem_Additive_Emission_Fire.mat
  artifactKey: Guid(3cd423cca9a6c47ceb2f768bbbe890da) Importer(815301076,1909f56bfc062723c751e8b465ee728b)
Start importing Assets/Fire Particle Systems/Resources/Materials/ParticleSystem_Additive_Emission_Fire.mat using Guid(3cd423cca9a6c47ceb2f768bbbe890da) Importer(815301076,1909f56bfc062723c751e8b465ee728b)  -> (artifact id: '7cad6986390d69628058a2634d0cb299') in 0.015292 seconds 
========================================================================
Received Import Request.
  Time since last request: 0.000032 seconds.
  path: Assets/Fire Particle Systems/Resources/Materials/ParticleSystem_Additive_Emission.mat
  artifactKey: Guid(d1a4a4eed5b514175b10a10ea1c19add) Importer(815301076,1909f56bfc062723c751e8b465ee728b)
Start importing Assets/Fire Particle Systems/Resources/Materials/ParticleSystem_Additive_Emission.mat using Guid(d1a4a4eed5b514175b10a10ea1c19add) Importer(815301076,1909f56bfc062723c751e8b465ee728b)  -> (artifact id: '46d405475feb8b69f9796771d52adf73') in 0.012974 seconds 
Editor requested this worker to shutdown with reason: Scaling down because of idle timeout
AssetImportWorker is now disconnected from the server
Process exiting
Exiting without the bug reporter. Application will terminate with return code 0