Using pre-set license
Built from '2021.2/staging' branch; Version is '2021.2.17f1 (efb8f635e7b1) revision 15710454'; Using compiler version '192829333'; Build Type 'Release'
OS: 'Windows 10  (10.0.19044) 64bit Core' Language: 'pl' Physical Memory: 16322 MB
BatchMode: 1, IsHumanControllingUs: 0, StartBugReporterOnCrash: 0, Is64bit: 1, IsPro: 1

COMMAND LINE ARGUMENTS:
C:\Program Files\Unity\Hub\Editor\2021.2.17f1\Editor\Unity.exe
-adb2
-batchMode
-noUpm
-name
AssetImportWorker0
-projectPath
D:/Users/karci/Shooter
-logFile
Logs/AssetImportWorker0.log
-srvPort
53027
Successfully changed project path to: D:/Users/karci/Shooter
D:/Users/karci/Shooter
[UnityMemory] Configuration Parameters - Can be set up in boot.config
    "memorysetup-bucket-allocator-granularity=16"
    "memorysetup-bucket-allocator-bucket-count=8"
    "memorysetup-bucket-allocator-block-size=33554432"
    "memorysetup-bucket-allocator-block-count=8"
    "memorysetup-main-allocator-block-size=16777216"
    "memorysetup-thread-allocator-block-size=16777216"
    "memorysetup-gfx-main-allocator-block-size=16777216"
    "memorysetup-gfx-thread-allocator-block-size=16777216"
    "memorysetup-cache-allocator-block-size=4194304"
    "memorysetup-typetree-allocator-block-size=2097152"
    "memorysetup-profiler-bucket-allocator-granularity=16"
    "memorysetup-profiler-bucket-allocator-bucket-count=8"
    "memorysetup-profiler-bucket-allocator-block-size=33554432"
    "memorysetup-profiler-bucket-allocator-block-count=8"
    "memorysetup-profiler-allocator-block-size=16777216"
    "memorysetup-profiler-editor-allocator-block-size=1048576"
    "memorysetup-temp-allocator-size-main=16777216"
    "memorysetup-job-temp-allocator-block-size=2097152"
    "memorysetup-job-temp-allocator-block-size-background=1048576"
    "memorysetup-job-temp-allocator-reduction-small-platforms=262144"
    "memorysetup-temp-allocator-size-background-worker=32768"
    "memorysetup-temp-allocator-size-job-worker=262144"
    "memorysetup-temp-allocator-size-preload-manager=33554432"
    "memorysetup-temp-allocator-size-nav-mesh-worker=65536"
    "memorysetup-temp-allocator-size-audio-worker=65536"
    "memorysetup-temp-allocator-size-cloud-worker=32768"
    "memorysetup-temp-allocator-size-gi-baking-worker=262144"
    "memorysetup-temp-allocator-size-gfx=262144"
Refreshing native plugins compatible for Editor in 101.38 ms, found 3 plugins.
Preloading 0 native plugins for Editor in 0.00 ms.
Initialize engine version: 2021.2.17f1 (efb8f635e7b1)
[Subsystems] Discovering subsystems at path C:/Program Files/Unity/Hub/Editor/2021.2.17f1/Editor/Data/Resources/UnitySubsystems
[Subsystems] Discovering subsystems at path D:/Users/karci/Shooter/Assets
GfxDevice: creating device client; threaded=0; jobified=0
Direct3D:
    Version:  Direct3D 11.0 [level 11.1]
    Renderer: NVIDIA GeForce RTX 2080 Ti (ID=0x1e07)
    Vendor:   NVIDIA
    VRAM:     11048 MB
    Driver:   30.0.14.9649
Initialize mono
Mono path[0] = 'C:/Program Files/Unity/Hub/Editor/2021.2.17f1/Editor/Data/Managed'
Mono path[1] = 'C:/Program Files/Unity/Hub/Editor/2021.2.17f1/Editor/Data/MonoBleedingEdge/lib/mono/unityjit-win32'
Mono config path = 'C:/Program Files/Unity/Hub/Editor/2021.2.17f1/Editor/Data/MonoBleedingEdge/etc'
Using monoOptions --debugger-agent=transport=dt_socket,embedding=1,server=y,suspend=n,address=127.0.0.1:56204
Begin MonoManager ReloadAssembly
Registering precompiled unity dll's ...
Register platform support module: C:/Program Files/Unity/Hub/Editor/2021.2.17f1/Editor/Data/PlaybackEngines/WindowsStandaloneSupport/UnityEditor.WindowsStandalone.Extensions.dll
Registered in 0.011920 seconds.
Native extension for WindowsStandalone target not found
Refreshing native plugins compatible for Editor in 99.66 ms, found 3 plugins.
Preloading 0 native plugins for Editor in 0.00 ms.
Mono: successfully reloaded assembly
- Completed reload, in  0.634 seconds
Domain Reload Profiling:
	ReloadAssembly (635ms)
		BeginReloadAssembly (72ms)
			ExecutionOrderSort (0ms)
			DisableScriptedObjects (0ms)
			BackupInstance (0ms)
			ReleaseScriptingObjects (0ms)
			CreateAndSetChildDomain (1ms)
		EndReloadAssembly (450ms)
			LoadAssemblies (69ms)
			RebuildTransferFunctionScriptingTraits (0ms)
			SetupTypeCache (95ms)
			ReleaseScriptCaches (0ms)
			RebuildScriptCaches (26ms)
			SetupLoadedEditorAssemblies (282ms)
				LogAssemblyErrors (0ms)
				InitializePlatformSupportModulesInManaged (11ms)
				SetLoadedEditorAssemblies (0ms)
				RefreshPlugins (100ms)
				BeforeProcessingInitializeOnLoad (1ms)
				ProcessInitializeOnLoadAttributes (127ms)
				ProcessInitializeOnLoadMethodAttributes (43ms)
				AfterProcessingInitializeOnLoad (0ms)
				EditorAssembliesLoaded (0ms)
			ExecutionOrderSort2 (0ms)
			AwakeInstancesAfterBackupRestoration (0ms)
Platform modules already initialized, skipping
Registering precompiled user dll's ...
Registered in 0.004602 seconds.
Begin MonoManager ReloadAssembly
Symbol file LoadedFromMemory doesn't match image D:\Users\karci\Shooter\Library\PackageCache\com.unity.visualscripting@1.7.6\Editor\VisualScripting.Core\Dependencies\YamlDotNet\Unity.VisualScripting.YamlDotNet.dll
Symbol file LoadedFromMemory doesn't match image D:\Users\karci\Shooter\Library\PackageCache\com.unity.visualscripting@1.7.6\Editor\VisualScripting.Core\Dependencies\DotNetZip\Unity.VisualScripting.IonicZip.dll
Native extension for WindowsStandalone target not found
Refreshing native plugins compatible for Editor in 0.59 ms, found 3 plugins.
Preloading 0 native plugins for Editor in 0.00 ms.
Mono: successfully reloaded assembly
- Completed reload, in  0.928 seconds
Domain Reload Profiling:
	ReloadAssembly (928ms)
		BeginReloadAssembly (106ms)
			ExecutionOrderSort (0ms)
			DisableScriptedObjects (5ms)
			BackupInstance (0ms)
			ReleaseScriptingObjects (0ms)
			CreateAndSetChildDomain (18ms)
		EndReloadAssembly (714ms)
			LoadAssemblies (77ms)
			RebuildTransferFunctionScriptingTraits (0ms)
			SetupTypeCache (207ms)
			ReleaseScriptCaches (1ms)
			RebuildScriptCaches (48ms)
			SetupLoadedEditorAssemblies (343ms)
				LogAssemblyErrors (0ms)
				InitializePlatformSupportModulesInManaged (8ms)
				SetLoadedEditorAssemblies (0ms)
				RefreshPlugins (1ms)
				BeforeProcessingInitializeOnLoad (87ms)
				ProcessInitializeOnLoadAttributes (216ms)
				ProcessInitializeOnLoadMethodAttributes (22ms)
				AfterProcessingInitializeOnLoad (9ms)
				EditorAssembliesLoaded (0ms)
			ExecutionOrderSort2 (0ms)
			AwakeInstancesAfterBackupRestoration (9ms)
Platform modules already initialized, skipping
========================================================================
Worker process is ready to serve import requests
Launched and connected shader compiler UnityShaderCompiler.exe after 0.07 seconds
Refreshing native plugins compatible for Editor in 0.60 ms, found 3 plugins.
Preloading 0 native plugins for Editor in 0.00 ms.
Unloading 3258 Unused Serialized files (Serialized files now loaded: 0)
Unloading 24 unused Assets / (465.4 KB). Loaded Objects now: 3731.
Memory consumption went from 126.6 MB to 126.1 MB.
Total: 2.925200 ms (FindLiveObjects: 0.288300 ms CreateObjectMapping: 0.204800 ms MarkObjects: 2.181800 ms  DeleteObjects: 0.249100 ms)

AssetImportParameters requested are different than current active one (requested -> active):
  custom:video-decoder-ogg-theora: a1e56fd34408186e4bbccfd4996cb3dc -> 
  custom:container-muxer-webm: aa71ff27fc2769a1b78a27578f13a17b -> 
  custom:container-demuxer-webm: 4f35f7cbe854078d1ac9338744f61a02 -> 
  custom:video-encoder-webm-vp8: eb34c28f22e8b96e1ab97ce403110664 -> 
  custom:audio-encoder-webm-vorbis: bf7c407c2cedff20999df2af8eb42d56 -> 
  custom:framework-win-MediaFoundation: 216162199b28c13a410421893ffa2e32 -> 
  custom:container-demuxer-ogg: 62fdf1f143b41e24485cea50d1cbac27 -> 
  custom:video-decoder-webm-vp8: 9c59270c3fd7afecdb556c50c9e8de78 -> 
  custom:audio-decoder-ogg-vorbis: bf7c407c2cedff20999df2af8eb42d56 -> 
========================================================================
Received Import Request.
  Time since last request: 39881.287631 seconds.
  path: Assets/Fire Particle Systems/Scenes/Overview_Profiles
  artifactKey: Guid(a74f23509fdfa4253bbe1edb0d405f55) Importer(815301076,1909f56bfc062723c751e8b465ee728b)
Start importing Assets/Fire Particle Systems/Scenes/Overview_Profiles using Guid(a74f23509fdfa4253bbe1edb0d405f55) Importer(815301076,1909f56bfc062723c751e8b465ee728b)  -> (artifact id: 'bf8ddac61e21435b7811593de1fb7f07') in 0.010722 seconds 
========================================================================
Received Import Request.
  Time since last request: 0.000030 seconds.
  path: Assets/Fire Particle Systems/Scenes/Overview_Profiles/LUT_DesaturatedFog.png
  artifactKey: Guid(440b0c6c80c9049ac96c2c15100918fe) Importer(815301076,1909f56bfc062723c751e8b465ee728b)
Start importing Assets/Fire Particle Systems/Scenes/Overview_Profiles/LUT_DesaturatedFog.png using Guid(440b0c6c80c9049ac96c2c15100918fe) Importer(815301076,1909f56bfc062723c751e8b465ee728b)  -> (artifact id: '165e9a68d352fed81b71944cd3375c6f') in 0.104531 seconds 
========================================================================
Received Import Request.
  Time since last request: 2.201754 seconds.
  path: Assets/Fire Particle Systems/Resources
  artifactKey: Guid(cfdd893df113442c88bd4dc507c20f16) Importer(815301076,1909f56bfc062723c751e8b465ee728b)
Start importing Assets/Fire Particle Systems/Resources using Guid(cfdd893df113442c88bd4dc507c20f16) Importer(815301076,1909f56bfc062723c751e8b465ee728b)  -> (artifact id: '4c7dd1a5e1dab2ba7441c90806fd2c61') in 0.006252 seconds 
========================================================================
Received Import Request.
  Time since last request: 1.002799 seconds.
  path: Assets/Fire Particle Systems/Resources/Prefabs
  artifactKey: Guid(c9714808b960c408a9207e62a154c572) Importer(815301076,1909f56bfc062723c751e8b465ee728b)
Start importing Assets/Fire Particle Systems/Resources/Prefabs using Guid(c9714808b960c408a9207e62a154c572) Importer(815301076,1909f56bfc062723c751e8b465ee728b)  -> (artifact id: '152e4c8ff910561e067b4d65bbc12f47') in 0.006064 seconds 
========================================================================
Received Import Request.
  Time since last request: 2.225458 seconds.
  path: Assets/Fire Particle Systems/Resources/Prefabs/Particle System Composite/Explosion_01.prefab
  artifactKey: Guid(fc87bd5b7312d49d791633293250d799) Importer(815301076,1909f56bfc062723c751e8b465ee728b)
Start importing Assets/Fire Particle Systems/Resources/Prefabs/Particle System Composite/Explosion_01.prefab using Guid(fc87bd5b7312d49d791633293250d799) Importer(815301076,1909f56bfc062723c751e8b465ee728b)  -> (artifact id: '472752750e26cc5dc3c6c0c9f8ec2fae') in 0.077815 seconds 
========================================================================
Received Import Request.
  Time since last request: 0.000027 seconds.
  path: Assets/Fire Particle Systems/Resources/Prefabs/Particle System Composite/Fire_Small-Sparks_RateOverTime.prefab
  artifactKey: Guid(cd684bf5e14ff40bd9fde69f0ad12184) Importer(815301076,1909f56bfc062723c751e8b465ee728b)
Start importing Assets/Fire Particle Systems/Resources/Prefabs/Particle System Composite/Fire_Small-Sparks_RateOverTime.prefab using Guid(cd684bf5e14ff40bd9fde69f0ad12184) Importer(815301076,1909f56bfc062723c751e8b465ee728b)  -> (artifact id: 'a89adfa05b055109e2cde5326f083d1d') in 0.026693 seconds 
========================================================================
Received Import Request.
  Time since last request: 0.000028 seconds.
  path: Assets/Fire Particle Systems/Resources/Prefabs/Particle System Composite/Flash-Shockwave-Sparks.prefab
  artifactKey: Guid(bb464284dfa874c4aba37834629a0388) Importer(815301076,1909f56bfc062723c751e8b465ee728b)
Start importing Assets/Fire Particle Systems/Resources/Prefabs/Particle System Composite/Flash-Shockwave-Sparks.prefab using Guid(bb464284dfa874c4aba37834629a0388) Importer(815301076,1909f56bfc062723c751e8b465ee728b)  -> (artifact id: '23c037d90d54ef9cc59f8ef07681c4e8') in 0.019471 seconds 
========================================================================
Received Import Request.
  Time since last request: 3.723028 seconds.
  path: Assets/Fire Particle Systems/Resources/Prefabs/Particle System Parts/ParticleSystem_Ember_RateOverTime_Medium.prefab
  artifactKey: Guid(da503459db5e94fcf8b8705ac2074018) Importer(815301076,1909f56bfc062723c751e8b465ee728b)
Start importing Assets/Fire Particle Systems/Resources/Prefabs/Particle System Parts/ParticleSystem_Ember_RateOverTime_Medium.prefab using Guid(da503459db5e94fcf8b8705ac2074018) Importer(815301076,1909f56bfc062723c751e8b465ee728b)  -> (artifact id: '0eafe79aba46124e3bb38220e4438045') in 0.014355 seconds 
========================================================================
Received Import Request.
  Time since last request: 0.000022 seconds.
  path: Assets/Fire Particle Systems/Resources/Prefabs/Particle System Parts/ParticleSystem_Fire_Ring.prefab
  artifactKey: Guid(48b3214a75aed41f7abb23152aee6999) Importer(815301076,1909f56bfc062723c751e8b465ee728b)
Start importing Assets/Fire Particle Systems/Resources/Prefabs/Particle System Parts/ParticleSystem_Fire_Ring.prefab using Guid(48b3214a75aed41f7abb23152aee6999) Importer(815301076,1909f56bfc062723c751e8b465ee728b)  -> (artifact id: '9ea911f0b5c5a69f58fa815edc98fe1b') in 0.013883 seconds 
========================================================================
Received Import Request.
  Time since last request: 0.000021 seconds.
  path: Assets/Fire Particle Systems/Resources/Prefabs/Particle System Parts/ParticleSystem_Fire_RateOverTime_Torch.prefab
  artifactKey: Guid(280d7025bd96749f7b7221997033b26f) Importer(815301076,1909f56bfc062723c751e8b465ee728b)
Start importing Assets/Fire Particle Systems/Resources/Prefabs/Particle System Parts/ParticleSystem_Fire_RateOverTime_Torch.prefab using Guid(280d7025bd96749f7b7221997033b26f) Importer(815301076,1909f56bfc062723c751e8b465ee728b)  -> (artifact id: '62e59fc82fa23f3dccb579018fb491ba') in 0.021058 seconds 
========================================================================
Received Import Request.
  Time since last request: 0.000019 seconds.
  path: Assets/Fire Particle Systems/Resources/Prefabs/Particle System Parts/ParticleSystem_Fire_RateOverTime_Small.prefab
  artifactKey: Guid(b42871d58f74944fda6599379a4f714f) Importer(815301076,1909f56bfc062723c751e8b465ee728b)
Start importing Assets/Fire Particle Systems/Resources/Prefabs/Particle System Parts/ParticleSystem_Fire_RateOverTime_Small.prefab using Guid(b42871d58f74944fda6599379a4f714f) Importer(815301076,1909f56bfc062723c751e8b465ee728b)  -> (artifact id: '8321b1f907ca79d1e5ecfa4f1607bd49') in 0.019053 seconds 
========================================================================
Received Import Request.
  Time since last request: 0.000023 seconds.
  path: Assets/Fire Particle Systems/Resources/Prefabs/Particle System Parts/ParticleSystem_Sparks_RateOverTime.prefab
  artifactKey: Guid(b80d6728ed796486a9794e8f98467142) Importer(815301076,1909f56bfc062723c751e8b465ee728b)
Start importing Assets/Fire Particle Systems/Resources/Prefabs/Particle System Parts/ParticleSystem_Sparks_RateOverTime.prefab using Guid(b80d6728ed796486a9794e8f98467142) Importer(815301076,1909f56bfc062723c751e8b465ee728b)  -> (artifact id: '9b5cbbd20b3ea694c89e8bb101eb449b') in 0.015683 seconds 
========================================================================
Received Import Request.
  Time since last request: 0.000025 seconds.
  path: Assets/Fire Particle Systems/Resources/Prefabs/Particle System Parts/ParticleSystem_Fire_RateOverTime_Wall.prefab
  artifactKey: Guid(545f0855b25e142149a30e8941a73be7) Importer(815301076,1909f56bfc062723c751e8b465ee728b)
Start importing Assets/Fire Particle Systems/Resources/Prefabs/Particle System Parts/ParticleSystem_Fire_RateOverTime_Wall.prefab using Guid(545f0855b25e142149a30e8941a73be7) Importer(815301076,1909f56bfc062723c751e8b465ee728b)  -> (artifact id: '0d8b69972001d1c16ae4b260510361e1') in 0.017973 seconds 
========================================================================
Received Import Request.
  Time since last request: 0.000022 seconds.
  path: Assets/Fire Particle Systems/Resources/Prefabs/Particle System Parts/ParticleSystem_Fire_RateOverTime_Ball.prefab
  artifactKey: Guid(7a52a2f5def0e42c8976d8a69a08df64) Importer(815301076,1909f56bfc062723c751e8b465ee728b)
Start importing Assets/Fire Particle Systems/Resources/Prefabs/Particle System Parts/ParticleSystem_Fire_RateOverTime_Ball.prefab using Guid(7a52a2f5def0e42c8976d8a69a08df64) Importer(815301076,1909f56bfc062723c751e8b465ee728b)  -> (artifact id: 'ee0ee7c472f874e143ff8481c57f3f68') in 0.017176 seconds 
========================================================================
Received Import Request.
  Time since last request: 0.000017 seconds.
  path: Assets/Fire Particle Systems/Resources/Prefabs/Particle System Parts/ParticleSystem_Fire_Small.prefab
  artifactKey: Guid(ceae02f95edb4498e9444245ef8d09a1) Importer(815301076,1909f56bfc062723c751e8b465ee728b)
Start importing Assets/Fire Particle Systems/Resources/Prefabs/Particle System Parts/ParticleSystem_Fire_Small.prefab using Guid(ceae02f95edb4498e9444245ef8d09a1) Importer(815301076,1909f56bfc062723c751e8b465ee728b)  -> (artifact id: 'c71c720e13038ec3fbb70fd159173b69') in 0.019734 seconds 
========================================================================
Received Import Request.
  Time since last request: 0.000034 seconds.
  path: Assets/Fire Particle Systems/Resources/Prefabs/Particle System Parts/ParticleSystem_Shockwave.prefab
  artifactKey: Guid(dfef4fc1dd4154876801b2d5c6eb3bea) Importer(815301076,1909f56bfc062723c751e8b465ee728b)
Start importing Assets/Fire Particle Systems/Resources/Prefabs/Particle System Parts/ParticleSystem_Shockwave.prefab using Guid(dfef4fc1dd4154876801b2d5c6eb3bea) Importer(815301076,1909f56bfc062723c751e8b465ee728b)  -> (artifact id: 'f74b212464c2267a24bdda955cdacf57') in 0.018851 seconds 
========================================================================
Received Import Request.
  Time since last request: 0.000023 seconds.
  path: Assets/Fire Particle Systems/Resources/Prefabs/Particle System Parts/ParticleSystem_Shockwave_Ground.prefab
  artifactKey: Guid(5b66ff1bf013b475c84c9f708512e168) Importer(815301076,1909f56bfc062723c751e8b465ee728b)
Start importing Assets/Fire Particle Systems/Resources/Prefabs/Particle System Parts/ParticleSystem_Shockwave_Ground.prefab using Guid(5b66ff1bf013b475c84c9f708512e168) Importer(815301076,1909f56bfc062723c751e8b465ee728b)  -> (artifact id: '1125c3f7c016172cf4a8baddd88b1806') in 0.015279 seconds 
========================================================================
Received Prepare
Registering precompiled user dll's ...
Registered in 0.004397 seconds.
Begin MonoManager ReloadAssembly
Symbol file LoadedFromMemory doesn't match image D:\Users\karci\Shooter\Library\PackageCache\com.unity.visualscripting@1.7.6\Editor\VisualScripting.Core\Dependencies\YamlDotNet\Unity.VisualScripting.YamlDotNet.dll
Symbol file LoadedFromMemory doesn't match image D:\Users\karci\Shooter\Library\PackageCache\com.unity.visualscripting@1.7.6\Editor\VisualScripting.Core\Dependencies\DotNetZip\Unity.VisualScripting.IonicZip.dll
Native extension for WindowsStandalone target not found
Refreshing native plugins compatible for Editor in 0.83 ms, found 3 plugins.
Preloading 0 native plugins for Editor in 0.00 ms.
Mono: successfully reloaded assembly
- Completed reload, in  0.966 seconds
Domain Reload Profiling:
	ReloadAssembly (966ms)
		BeginReloadAssembly (127ms)
			ExecutionOrderSort (0ms)
			DisableScriptedObjects (4ms)
			BackupInstance (0ms)
			ReleaseScriptingObjects (0ms)
			CreateAndSetChildDomain (32ms)
		EndReloadAssembly (742ms)
			LoadAssemblies (84ms)
			RebuildTransferFunctionScriptingTraits (0ms)
			SetupTypeCache (242ms)
			ReleaseScriptCaches (1ms)
			RebuildScriptCaches (46ms)
			SetupLoadedEditorAssemblies (331ms)
				LogAssemblyErrors (0ms)
				InitializePlatformSupportModulesInManaged (15ms)
				SetLoadedEditorAssemblies (0ms)
				RefreshPlugins (1ms)
				BeforeProcessingInitializeOnLoad (71ms)
				ProcessInitializeOnLoadAttributes (204ms)
				ProcessInitializeOnLoadMethodAttributes (27ms)
				AfterProcessingInitializeOnLoad (12ms)
				EditorAssembliesLoaded (0ms)
			ExecutionOrderSort2 (0ms)
			AwakeInstancesAfterBackupRestoration (6ms)
Platform modules already initialized, skipping
Refreshing native plugins compatible for Editor in 1.77 ms, found 3 plugins.
Preloading 0 native plugins for Editor in 0.00 ms.
Unloading 3221 Unused Serialized files (Serialized files now loaded: 0)
Unloading 18 unused Assets / (425.9 KB). Loaded Objects now: 3742.
Memory consumption went from 127.7 MB to 127.3 MB.
Total: 3.297900 ms (FindLiveObjects: 0.350900 ms CreateObjectMapping: 0.225200 ms MarkObjects: 2.476000 ms  DeleteObjects: 0.244300 ms)

AssetImportParameters requested are different than current active one (requested -> active):
  custom:video-decoder-ogg-theora: a1e56fd34408186e4bbccfd4996cb3dc -> 
  custom:container-muxer-webm: aa71ff27fc2769a1b78a27578f13a17b -> 
  custom:container-demuxer-webm: 4f35f7cbe854078d1ac9338744f61a02 -> 
  custom:video-encoder-webm-vp8: eb34c28f22e8b96e1ab97ce403110664 -> 
  custom:audio-encoder-webm-vorbis: bf7c407c2cedff20999df2af8eb42d56 -> 
  custom:framework-win-MediaFoundation: 216162199b28c13a410421893ffa2e32 -> 
  custom:container-demuxer-ogg: 62fdf1f143b41e24485cea50d1cbac27 -> 
  custom:video-decoder-webm-vp8: 9c59270c3fd7afecdb556c50c9e8de78 -> 
  custom:audio-decoder-ogg-vorbis: bf7c407c2cedff20999df2af8eb42d56 -> 
========================================================================
Received Import Request.
  Time since last request: 170.770462 seconds.
  path: Assets/Fire Particle Systems/Resources/Materials/ParticleSystem_Additive.mat
  artifactKey: Guid(7c18f9f06339d49e784aa6c2c60ae29e) Importer(815301076,1909f56bfc062723c751e8b465ee728b)
Start importing Assets/Fire Particle Systems/Resources/Materials/ParticleSystem_Additive.mat using Guid(7c18f9f06339d49e784aa6c2c60ae29e) Importer(815301076,1909f56bfc062723c751e8b465ee728b)  -> (artifact id: '10d8167f9fc0772f178fa90c6ab04b17') in 0.083420 seconds 
========================================================================
Received Import Request.
  Time since last request: 0.000026 seconds.
  path: Assets/Fire Particle Systems/Resources/Materials/Skybox.mat
  artifactKey: Guid(fbf826d2d213045d19f97011ac5a2a63) Importer(815301076,1909f56bfc062723c751e8b465ee728b)
Start importing Assets/Fire Particle Systems/Resources/Materials/Skybox.mat using Guid(fbf826d2d213045d19f97011ac5a2a63) Importer(815301076,1909f56bfc062723c751e8b465ee728b)  -> (artifact id: '14bb19ce3d1b48ad4fd1c711ee878563') in 0.126100 seconds 
========================================================================
Received Import Request.
  Time since last request: 167.066217 seconds.
  path: Assets/Scenes/SampleScene.unity
  artifactKey: Guid(9fc0d4010bbf28b4594072e72b8655ab) Importer(815301076,1909f56bfc062723c751e8b465ee728b)
Start importing Assets/Scenes/SampleScene.unity using Guid(9fc0d4010bbf28b4594072e72b8655ab) Importer(815301076,1909f56bfc062723c751e8b465ee728b)  -> (artifact id: '0885bfd03af76cae041b34b984986a10') in 0.004717 seconds 
========================================================================
Received Import Request.
  Time since last request: 3.866039 seconds.
  path: Assets/Materials/Bez tytułu.mat
  artifactKey: Guid(b524a6d2b979d82479debfbac827a023) Importer(815301076,1909f56bfc062723c751e8b465ee728b)
Start importing Assets/Materials/Bez tytułu.mat using Guid(b524a6d2b979d82479debfbac827a023) Importer(815301076,1909f56bfc062723c751e8b465ee728b)  -> (artifact id: 'ecccd4183c21131f1debfa58270b92b6') in 0.036926 seconds 
========================================================================
Received Import Request.
  Time since last request: 175.926595 seconds.
  path: Assets/Materials
  artifactKey: Guid(6ccf582b56fb68f4cafd0a4c9e2020d4) Importer(815301076,1909f56bfc062723c751e8b465ee728b)
Start importing Assets/Materials using Guid(6ccf582b56fb68f4cafd0a4c9e2020d4) Importer(815301076,1909f56bfc062723c751e8b465ee728b)  -> (artifact id: '0341809f5c855ba2421861ced22186e7') in 0.002048 seconds 
